Drill Listing
=============
Drill: .01  Tool: 1  Feed: 95  Speed: 300
X 1055118  Y 1015748
X 1055118  Y 1023622
X 1055118  Y 1031496
X 1059055  Y 1011811
X 1062992  Y 1007874
X 1070866  Y 1007874
X 1078740  Y 1007874
X 1086614  Y 1007874
X 1094488  Y 1007874
X 1102362  Y 1007874
X 1110236  Y 1007874
X 1118110  Y 1007874
X 1125984  Y 1007874
X 1133858  Y 1007874
X 1141732  Y 1007874
X 1149606  Y 1007874
X 1157480  Y 1007874
X 1165354  Y 1007874
X 1173228  Y 1007874
X 1181102  Y 1007874
X 1188976  Y 1007874
X 1196850  Y 1007874
X 1204724  Y 1007874
X 1212598  Y 1007874
X 1220472  Y 1007874
X 1224409  Y 1015748
X 1224409  Y 1011811
X 1228346  Y 1015748
X 1228346  Y 1055118
X 1220472  Y 1055118
X 1212598  Y 1055118
X 1204724  Y 1055118
X 1179527  Y 1050000
X 1128880  Y 1055669
X 1126427  Y 1055656
X 1119110  Y 1055534
X 1116331  Y 1055556
X 1097637  Y 1051968
X 1094488  Y 1051968
X 1055118  Y 1047244
X 1055118  Y 1039370
X 1087905  Y 1078307
X 1087976  Y 1080629
X 1090780  Y 1081672
X 1093455  Y 1081705
X 1100011  Y 1081704
X 1102800  Y 1081746
X 1122479  Y 1081782
X 1124759  Y 1081799
X 1137764  Y 1068430
X 1137764  Y 1076099
X 1149606  Y 1070866
X 1157480  Y 1070866
X 1165354  Y 1074803
X 1165354  Y 1070866
X 1165354  Y 1078740
X 1173228  Y 1074803
X 1173228  Y 1062992
X 1173228  Y 1070866
X 1173228  Y 1078740
X 1181889  Y 1060236
X 1204724  Y 1062992
X 1204724  Y 1070866
X 1204724  Y 1078740
X 1212598  Y 1070866
X 1212598  Y 1062992
X 1212598  Y 1078740
X 1220472  Y 1062992
X 1220472  Y 1070866
X 1220472  Y 1078740
X 1228346  Y 1062992
X 1228346  Y 1070866
X 1228346  Y 1078740
X 1236220  Y 1070866
X 1236220  Y 1062992
X 1236220  Y 1078740
X 1244094  Y 1078740
X 1244094  Y 1070866
X 1251968  Y 1078740
X 1236220  Y 1110236
X 1236220  Y 1118110
X 1236220  Y 1125984
X 1228346  Y 1114173
X 1228346  Y 1129921
X 1220472  Y 1118110
X 1220472  Y 1125984
X 1220472  Y 1110236
X 1212598  Y 1114173
X 1212598  Y 1129921
X 1204724  Y 1118110
X 1204724  Y 1125984
X 1204724  Y 1110236
X 1188188  Y 1126871
X 1185826  Y 1129101
X 1141732  Y 1125984
X 1133858  Y 1129921
X 1125984  Y 1125984
X 1118110  Y 1129921
X 1110236  Y 1125984
X 1055118  Y 1133858
X 1055118  Y 1141732
X 1055118  Y 1137795
X 1055118  Y 1145669
X 1055118  Y 1153543
X 1055118  Y 1149606
X 1055118  Y 1157480
X 1059055  Y 1137795
X 1059055  Y 1145669
X 1059055  Y 1133858
X 1059055  Y 1141732
X 1059055  Y 1153543
X 1059055  Y 1149606
X 1059055  Y 1157480
X 1110236  Y 1133858
X 1125984  Y 1133858
X 1141732  Y 1133858
X 1169179  Y 1147110
X 1169291  Y 1149606
X 1173116  Y 1147110
X 1173228  Y 1149606
X 1194376  Y 1157458
X 1196850  Y 1149606
X 1204724  Y 1133858
X 1204724  Y 1149606
X 1212598  Y 1149606
X 1220472  Y 1133858
X 1236220  Y 1133858
X 1255905  Y 1137795
X 1255905  Y 1133858
X 1259842  Y 1181102
X 1255905  Y 1181102
X 1221653  Y 1177952
X 1220078  Y 1179527
X 1218503  Y 1168897
X 1217716  Y 1170866
X 1196817  Y 1159658
X 1191732  Y 1159842
X 1181102  Y 1177165
X 1177165  Y 1177165
X 1169291  Y 1181102
X 1169291  Y 1177165
X 1168246  Y 1164032
X 1168211  Y 1161744
X 1165354  Y 1181102
X 1161417  Y 1181102
X 1157480  Y 1181102
X 1153543  Y 1181102
X 1149606  Y 1181102
X 1137795  Y 1170866
X 1135433  Y 1170866
X 1082677  Y 1177165
X 1078740  Y 1177165
X 1074803  Y 1181102
X 1074803  Y 1177165
X 1070866  Y 1177165
X 1055118  Y 1181102
X 1055118  Y 1173228
X 1055118  Y 1177165
X 1055118  Y 1169291
X 1055118  Y 1165354
X 1055118  Y 1161417
X 1055118  Y 1185039
X 1055118  Y 1188976
X 1055118  Y 1192913
X 1074803  Y 1185039
X 1094488  Y 1188976
X 1094488  Y 1196850
X 1094488  Y 1192913
X 1149606  Y 1185039
X 1153543  Y 1185039
X 1157480  Y 1185039
X 1157566  Y 1193130
X 1157610  Y 1197032
X 1161417  Y 1185039
X 1164350  Y 1198361
X 1165354  Y 1185039
X 1166850  Y 1199029
X 1169291  Y 1185039
X 1196850  Y 1207335
X 1212598  Y 1188976
X 1212598  Y 1196850
X 1220472  Y 1192913
X 1228346  Y 1188976
X 1228346  Y 1196850
X 1236220  Y 1192913
X 1244094  Y 1188976
X 1244094  Y 1196850
X 1255905  Y 1196850
X 1255905  Y 1188976
X 1259842  Y 1196850
X 1259842  Y 1188976
X 1374015  Y 1196850
X 1374015  Y 1204724
X 1374015  Y 1188976
X 1377952  Y 1196850
X 1377952  Y 1188976
X 1377952  Y 1204724
X 1377952  Y 1220472
X 1377952  Y 1212598
X 1374015  Y 1212598
X 1374015  Y 1220472
X 1374015  Y 1228346
X 1370078  Y 1228346
X 1299212  Y 1216535
X 1295275  Y 1224409
X 1295275  Y 1220472
X 1295275  Y 1212598
X 1295275  Y 1216535
X 1291338  Y 1212598
X 1291338  Y 1216535
X 1287401  Y 1212598
X 1287401  Y 1216535
X 1283464  Y 1216535
X 1283464  Y 1212598
X 1191818  Y 1211790
X 1185039  Y 1228346
X 1185039  Y 1232283
X 1153363  Y 1224191
X 1145596  Y 1212597
X 1141825  Y 1212729
X 1141693  Y 1216675
X 1140086  Y 1229091
X 1131330  Y 1231406
X 1086614  Y 1216535
X 1086614  Y 1220472
X 1082677  Y 1216535
X 1082677  Y 1220472
X 1055118  Y 1251968
X 1062992  Y 1251968
X 1074803  Y 1251968
X 1106254  Y 1238325
X 1107064  Y 1255100
X 1110230  Y 1238451
X 1112228  Y 1250363
X 1112844  Y 1253963
X 1114206  Y 1238576
X 1116966  Y 1252732
X 1117392  Y 1249368
X 1118056  Y 1238409
X 1128336  Y 1250126
X 1128336  Y 1252826
X 1139244  Y 1233991
X 1174803  Y 1240551
X 1179921  Y 1252755
X 1185039  Y 1236220
X 1185039  Y 1255905
X 1212598  Y 1251968
X 1220472  Y 1251968
X 1228346  Y 1251968
X 1232283  Y 1236220
X 1236220  Y 1236220
X 1240157  Y 1236220
X 1244094  Y 1236220
X 1248031  Y 1236220
X 1251968  Y 1236220
X 1255905  Y 1236220
X 1370078  Y 1236220
X 1374015  Y 1236220
X 1358267  Y 1271653
X 1354330  Y 1271653
X 1354330  Y 1279527
X 1350393  Y 1279527
X 1342519  Y 1279527
X 1334645  Y 1279527
X 1326771  Y 1279527
X 1322834  Y 1279527
X 1303149  Y 1279527
X 1295275  Y 1275590
X 1295275  Y 1279527
X 1291338  Y 1279527
X 1287401  Y 1275590
X 1283464  Y 1275590
X 1279527  Y 1271653
X 1275590  Y 1267716
X 1271653  Y 1267716
X 1267716  Y 1267716
X 1263779  Y 1267716
X 1259842  Y 1267716
X 1255905  Y 1267716
X 1251968  Y 1267716
X 1248031  Y 1267716
X 1244094  Y 1267716
X 1240157  Y 1267716
X 1236220  Y 1267716
X 1236220  Y 1271653
X 1232283  Y 1271653
X 1228346  Y 1271653
X 1228346  Y 1275590
X 1224409  Y 1279527
X 1224409  Y 1275590
X 1220472  Y 1279527
X 1216535  Y 1279527
X 1161501  Y 1263818
X 1149846  Y 1263723
X 1138144  Y 1261876
X 1128700  Y 1262735
X 1099608  Y 1263636
X 1074803  Y 1259842
X 1074803  Y 1271653
X 1062992  Y 1271653
X 1062992  Y 1259842
X 1055118  Y 1267716
X 1055118  Y 1275590
X 1055118  Y 1259842
X 1055118  Y 1283464
X 1055118  Y 1291338
X 1055118  Y 1299212
X 1062992  Y 1283464
X 1062992  Y 1299212
X 1062992  Y 1291338
X 1074803  Y 1283464
X 1074803  Y 1291338
X 1074803  Y 1299212
X 1086614  Y 1283464
X 1086614  Y 1291338
X 1086614  Y 1299212
X 1098425  Y 1283464
X 1098425  Y 1291338
X 1098425  Y 1299212
X 1110236  Y 1283464
X 1110236  Y 1291338
X 1110236  Y 1299212
X 1122047  Y 1283464
X 1122047  Y 1291338
X 1122047  Y 1299212
X 1133858  Y 1291338
X 1133858  Y 1299212
X 1145669  Y 1291338
X 1145669  Y 1299212
X 1192913  Y 1303149
X 1192913  Y 1307086
X 1196850  Y 1303149
X 1196850  Y 1299212
X 1196850  Y 1307086
X 1200787  Y 1295275
X 1204724  Y 1291338
X 1208661  Y 1287401
X 1212598  Y 1283464
X 1216535  Y 1283464
X 1299212  Y 1283464
X 1307086  Y 1283464
X 1314960  Y 1283464
X 1322834  Y 1283464
X 1326771  Y 1283464
X 1334645  Y 1283464
X 1342519  Y 1283464
X 1350393  Y 1283464
X 1196850  Y 1311023
X 1192913  Y 1311023
X 1192913  Y 1314960
X 1192913  Y 1322834
X 1192913  Y 1318897
X 1192913  Y 1330708
X 1192913  Y 1326771
X 1188976  Y 1330708
X 1145669  Y 1311023
X 1145669  Y 1322834
X 1133858  Y 1311023
X 1133858  Y 1322834
X 1122047  Y 1322834
X 1122047  Y 1311023
X 1110236  Y 1311023
X 1110236  Y 1322834
X 1098425  Y 1322834
X 1098425  Y 1311023
X 1086614  Y 1322834
X 1086614  Y 1311023
X 1074803  Y 1322834
X 1062992  Y 1330708
X 1062992  Y 1322834
X 1059055  Y 1330708
X 1055118  Y 1322834
X 1055118  Y 1330708
X 1055118  Y 1334645
X 1059055  Y 1334645
X 1059055  Y 1338582
X 1062992  Y 1338582
X 1062992  Y 1342519
X 1062992  Y 1334645
X 1066929  Y 1342519
X 1066929  Y 1338582
X 1070866  Y 1346456
X 1070866  Y 1342519
X 1074803  Y 1334645
X 1074803  Y 1346456
X 1074803  Y 1342519
X 1074803  Y 1350393
X 1078740  Y 1350393
X 1082677  Y 1354330
X 1086614  Y 1334645
X 1098425  Y 1334645
X 1110236  Y 1334645
X 1122047  Y 1342519
X 1122047  Y 1334645
X 1125984  Y 1350393
X 1125984  Y 1354330
X 1129921  Y 1342519
X 1129921  Y 1350393
X 1129921  Y 1354330
X 1133858  Y 1334645
X 1133858  Y 1350393
X 1133858  Y 1354330
X 1137795  Y 1354330
X 1137795  Y 1350393
X 1141732  Y 1354330
X 1145669  Y 1334645
X 1149606  Y 1346456
X 1149606  Y 1350393
X 1149606  Y 1354330
X 1153543  Y 1346456
X 1153543  Y 1350393
X 1153543  Y 1354330
X 1157480  Y 1354330
X 1157480  Y 1350393
X 1161417  Y 1354330
X 1161417  Y 1350393
X 1165354  Y 1354330
X 1169291  Y 1354330
X 1173228  Y 1354330
X 1177165  Y 1354330
X 1181102  Y 1350393
X 1188976  Y 1338582
X 1188976  Y 1342519
X 1188976  Y 1334645
X 1192913  Y 1338582
X 1192913  Y 1334645
X 1173228  Y 1362204
X 1173228  Y 1358267
X 1169291  Y 1358267
X 1169291  Y 1362204
X 1165354  Y 1358267
X 1165354  Y 1362204
X 1161417  Y 1358267
X 1161417  Y 1362204
X 1157480  Y 1358267
X 1157480  Y 1362204
X 1153543  Y 1358267
X 1153543  Y 1362204
X 1149606  Y 1358267
X 1149606  Y 1362204
X 1141732  Y 1358267
X 1137795  Y 1358267
X 1137795  Y 1362204
X 1133858  Y 1358267
X 1133858  Y 1362204
X 1129921  Y 1358267
X 1129921  Y 1362204
X 1125984  Y 1358267
X 1125984  Y 1362204
X 1122047  Y 1358267
X 1122047  Y 1362204
X 1118110  Y 1362204
X 1118110  Y 1358267
X 1114173  Y 1362204
X 1114173  Y 1358267
X 1110236  Y 1358267
X 1110236  Y 1362204
X 1106299  Y 1362204
X 1106299  Y 1358267
X 1102362  Y 1358267
X 1102362  Y 1362204
X 1098425  Y 1358267
X 1098425  Y 1362204
X 1094488  Y 1358267
X 1094488  Y 1362204
X 1090551  Y 1358267
X 1086614  Y 1358267

Drill: .01575  Tool: 2  Feed: 95  Speed: 300
X 1077795  Y 1069115
X 1127876  Y 1074300
X 1146128  Y 1083416
X 1202484  Y 1224598
X 1202444  Y 1207700
X 1142125  Y 1182283
X 1139370  Y 1182283

Drill: .01969  Tool: 3  Feed: 95  Speed: 300
X 1198192  Y 1270343 X 1196253  Y 1270685
X 1096102  Y 1148959 X 1095429  Y 1150809
X 1250327  Y 1121730 X 1251598  Y 1123234

Drill: .01969  Tool: 4  Feed: 95  Speed: 300
X 1304830  Y 1139794 X 1300500  Y 1139794
X 1307685  Y 1152772 X 1307685  Y 1142929
X 1297645  Y 1152772 X 1297645  Y 1142929
X 1308669  Y 1198814 X 1308669  Y 1192515
X 1296661  Y 1198814 X 1296661  Y 1192515

Drill: .02362  Tool: 5  Feed: 197  Speed: 550
X 1097244  Y 1165748
X 1100393  Y 1161811
X 1322426  Y 1155916
X 1322426  Y 1161606
X 1274015  Y 1198425
X 1270472  Y 1201968
X 1133858  Y 1244094
X 1129133  Y 1244094
X 1352219  Y 1166772 X 1356394  Y 1162597
X 1226109  Y 1040662 X 1230284  Y 1036487
X 1367196  Y 1168145 X 1372763  Y 1162577
X 1225078  Y 1026028 X 1230646  Y 1020460
X 1339680  Y 1130460 X 1334132  Y 1136047

Drill: .0315  Tool: 6  Feed: 197  Speed: 550
X 1314919  Y 1275855
X 1318673  Y 1266586
X 1322426  Y 1257317

Drill: .03268  Tool: 7  Feed: 197  Speed: 550
X 1143837  Y 1375612 X 1146886  Y 1368481

Drill: .03937  Tool: 8  Feed: 197  Speed: 550
X 1064960  Y 1312598 X 1072834  Y 1312598
X 1064960  Y 1113385 X 1072834  Y 1113385

Drill: .04449  Tool: 9  Feed: 139  Speed: 550
X 1156711  Y 1170120
X 1207959  Y 1184962

End of Listing
