Drill Listing
=============
Drill: .01  Tool: 1  Feed: 95  Speed: 300
X 134645  Y 390551
X 126771  Y 390551
X 130708  Y 390551
X 122788  Y 390557
X 134645  Y 394488
X 112992  Y 394488
X 112992  Y 398425
X 134645  Y 398425
X 134645  Y 402362
X 112992  Y 402362
X 130708  Y 402362
X 134645  Y 410236
X 130708  Y 410236
X 114960  Y 418110
X 130708  Y 418110
X 122834  Y 418110
X 122834  Y 425984
X 130708  Y 425984
X 114960  Y 425984
X 122834  Y 433858
X 130708  Y 433858
X 114960  Y 433858
X 114960  Y 441732
X 130708  Y 441732
X 122834  Y 441732
X 130708  Y 449606
X 114960  Y 449606
X 122834  Y 449606
X 114960  Y 457480
X 130708  Y 457480
X 122834  Y 457480
X 122834  Y 465354
X 130708  Y 465354
X 114960  Y 465354
X 114960  Y 473228
X 114960  Y 481102
X 111023  Y 481102
X 114960  Y 485039
X 111023  Y 485039
X 114960  Y 488976
X 111023  Y 488976
X 111023  Y 492913
X 114960  Y 492913
X 128259  Y 493707
X 114960  Y 496850
X 111023  Y 496850
X 128351  Y 496946
X 128375  Y 500346
X 114960  Y 508661
X 111023  Y 508661
X 111023  Y 512598
X 114960  Y 512598
X 114960  Y 516535
X 111023  Y 516535
X 111023  Y 520472
X 111023  Y 524409
X 111023  Y 528346
X 111023  Y 532283
X 111023  Y 536220
X 111023  Y 540157
X 114960  Y 540157
X 111023  Y 544094
X 114960  Y 544094
X 111023  Y 548031
X 111023  Y 551968
X 130708  Y 551968
X 134645  Y 551968
X 111023  Y 555905
X 130708  Y 555905
X 134645  Y 555905
X 111023  Y 559842
X 111023  Y 563779
X 114960  Y 563779
X 111023  Y 567716
X 114960  Y 567716
X 134645  Y 571653
X 130708  Y 571653
X 126771  Y 571653
X 122834  Y 571653
X 118897  Y 571653
X 111023  Y 571653
X 114960  Y 571653
X 146456  Y 571653
X 142519  Y 571653
X 138582  Y 571653
X 138582  Y 555905
X 146456  Y 555905
X 142519  Y 555905
X 142519  Y 551968
X 138582  Y 551968
X 142519  Y 500787
X 142519  Y 496850
X 146456  Y 492913
X 150393  Y 492913
X 142519  Y 492913
X 159055  Y 487401
X 151181  Y 482283
X 138582  Y 465354
X 146456  Y 465354
X 146456  Y 457480
X 138582  Y 457480
X 156146  Y 456601
X 153862  Y 454388
X 150099  Y 451982
X 138582  Y 449606
X 146456  Y 449606
X 146456  Y 441732
X 138582  Y 441732
X 146456  Y 433858
X 138582  Y 433858
X 138582  Y 425984
X 146456  Y 425984
X 154332  Y 425313
X 154515  Y 418149
X 138582  Y 418110
X 146456  Y 418110
X 142519  Y 410236
X 138582  Y 410236
X 146456  Y 402362
X 138582  Y 402362
X 142519  Y 402362
X 146456  Y 396456
X 138582  Y 390551
X 142519  Y 390551
X 146456  Y 390551
X 158267  Y 382677
X 158267  Y 370866
X 158267  Y 359055
X 158267  Y 347244
X 160114  Y 290092
X 160088  Y 287494
X 158267  Y 276377
X 158267  Y 272440
X 166141  Y 272440
X 185826  Y 272440
X 166141  Y 276377
X 185826  Y 276377
X 171397  Y 322530
X 175035  Y 326065
X 166141  Y 343307
X 183464  Y 408267
X 162197  Y 418380
X 185699  Y 418912
X 162204  Y 425984
X 163108  Y 443852
X 162204  Y 449606
X 185707  Y 460374
X 170200  Y 461541
X 162244  Y 461594
X 162204  Y 465354
X 170078  Y 465354
X 166288  Y 470080
X 183011  Y 482540
X 164173  Y 483070
X 181108  Y 485818
X 164173  Y 487007
X 181106  Y 489615
X 164177  Y 489854
X 166141  Y 492913
X 178098  Y 529337
X 182911  Y 546174
X 188375  Y 543304
X 187926  Y 484000
X 205511  Y 461417
X 190368  Y 456601
X 192988  Y 454388
X 190266  Y 452064
X 186882  Y 445523
X 198818  Y 400000
X 202755  Y 387007
X 197637  Y 386614
X 189763  Y 386614
X 197637  Y 382677
X 189763  Y 382677
X 208661  Y 381889
X 189763  Y 378740
X 197637  Y 378740
X 188582  Y 372047
X 190551  Y 364566
X 191224  Y 362595
X 201491  Y 345757
X 203955  Y 282305
X 206704  Y 282274
X 193700  Y 276377
X 193700  Y 272440
X 213385  Y 272440
X 229133  Y 272440
X 221259  Y 272440
X 213385  Y 276377
X 229133  Y 276377
X 221259  Y 276377
X 228687  Y 291673
X 226142  Y 291673
X 231069  Y 291697
X 216942  Y 291743
X 219417  Y 291743
X 214421  Y 291767
X 232387  Y 310306
X 220816  Y 314530
X 220765  Y 317334
X 220232  Y 332767
X 220206  Y 334989
X 227873  Y 345870
X 227754  Y 348982
X 223622  Y 349689
X 213779  Y 353937
X 221259  Y 359448
X 231889  Y 362204
X 229082  Y 362884
X 223622  Y 364566
X 229122  Y 366913
X 227946  Y 369504
X 220899  Y 373274
X 235433  Y 400000
X 217055  Y 407701
X 228346  Y 407874
X 222440  Y 407874
X 233070  Y 407874
X 230708  Y 409842
X 225196  Y 409842
X 219685  Y 409842
X 214648  Y 409984
X 211052  Y 417400
X 211030  Y 423758
X 233070  Y 425984
X 219685  Y 449997
X 214648  Y 454329
X 217055  Y 456481
X 225196  Y 457480
X 213385  Y 461417
X 221259  Y 461417
X 213165  Y 474171
X 225884  Y 497219
X 221572  Y 498257
X 230850  Y 499968
X 225843  Y 502349
X 230829  Y 506440
X 227559  Y 550393
X 230387  Y 553125
X 233070  Y 555905
X 237401  Y 563385
X 243089  Y 562454
X 259842  Y 554724
X 254724  Y 554330
X 244488  Y 553937
X 247244  Y 553937
X 256692  Y 532283
X 256692  Y 528346
X 256692  Y 524803
X 252755  Y 508661
X 255118  Y 507086
X 252755  Y 505511
X 255118  Y 504330
X 252755  Y 495275
X 255905  Y 492913
X 252755  Y 490944
X 253149  Y 470866
X 255905  Y 465354
X 239700  Y 457089
X 250787  Y 452213
X 241732  Y 449997
X 244094  Y 437007
X 238582  Y 411023
X 245669  Y 409842
X 260702  Y 394517
X 260696  Y 389136
X 256181  Y 387691
X 246850  Y 382476
X 256322  Y 361307
X 242125  Y 357086
X 244488  Y 354330
X 246850  Y 352755
X 254306  Y 351036
X 255905  Y 343700
X 252973  Y 343653
X 245990  Y 333749
X 245825  Y 331360
X 239068  Y 310674
X 241467  Y 291961
X 236626  Y 291907
X 239033  Y 291880
X 256692  Y 276377
X 237007  Y 276377
X 244881  Y 276377
X 237007  Y 272440
X 260629  Y 272440
X 244881  Y 272440
X 284251  Y 272440
X 276377  Y 272440
X 268503  Y 272440
X 264566  Y 276377
X 272440  Y 276377
X 280314  Y 315748
X 266968  Y 317515
X 265673  Y 329140
X 264566  Y 364566
X 280706  Y 373640
X 263024  Y 384492
X 276177  Y 398019
X 271559  Y 398165
X 274202  Y 407312
X 276166  Y 410473
X 272477  Y 410616
X 284251  Y 425984
X 284251  Y 437795
X 268503  Y 437795
X 276377  Y 437795
X 269410  Y 442502
X 284534  Y 573969
X 304393  Y 573952
X 292125  Y 437795
X 307874  Y 437795
X 300000  Y 437795
X 303782  Y 434019
X 296062  Y 433858
X 288188  Y 433858
X 296518  Y 429226
X 290157  Y 428740
X 290262  Y 424440
X 290157  Y 415748
X 306217  Y 410004
X 299926  Y 374380
X 287104  Y 374253
X 292889  Y 374195
X 301521  Y 366162
X 298081  Y 366140
X 309707  Y 364984
X 294077  Y 353199
X 289671  Y 344488
X 288582  Y 331889
X 287795  Y 318110
X 289723  Y 313506
X 291174  Y 309324
X 293307  Y 307874
X 308425  Y 300884
X 292124  Y 286821
X 288188  Y 276377
X 292125  Y 272440
X 335433  Y 272440
X 327559  Y 272440
X 319685  Y 272440
X 330756  Y 276680
X 335826  Y 294881
X 335826  Y 298425
X 315748  Y 299212
X 312125  Y 300933
X 324015  Y 329921
X 320018  Y 332233
X 311023  Y 337007
X 311023  Y 339763
X 318790  Y 344488
X 313779  Y 355511
X 316540  Y 355606
X 311166  Y 355815
X 335433  Y 362992
X 313972  Y 364779
X 319885  Y 374868
X 324015  Y 379921
X 331496  Y 382677
X 324015  Y 389370
X 333076  Y 391374
X 313742  Y 413886
X 316885  Y 424557
X 311788  Y 433913
X 316354  Y 436572
X 324803  Y 442519
X 332930  Y 563625
X 334167  Y 573946
X 357997  Y 443101
X 343286  Y 441753
X 343238  Y 438018
X 350102  Y 429263
X 358267  Y 387007
X 357874  Y 379921
X 351181  Y 370866
X 339325  Y 363094
X 343307  Y 362992
X 351181  Y 362992
X 347208  Y 362967
X 351181  Y 355118
X 348156  Y 347600
X 346637  Y 344923
X 352057  Y 318299
X 352150  Y 315182
X 347244  Y 292125
X 351181  Y 288188
X 359055  Y 288188
X 355118  Y 284251
X 347244  Y 284251
X 343307  Y 272440
X 366934  Y 272409
X 374833  Y 272433
X 382677  Y 272440
X 378740  Y 276377
X 370866  Y 284251
X 362992  Y 284251
X 378740  Y 284251
X 366929  Y 288188
X 382677  Y 288188
X 382678  Y 296060
X 364408  Y 310666
X 368677  Y 310711
X 361417  Y 311023
X 382183  Y 322041
X 378740  Y 374803
X 373866  Y 376500
X 382677  Y 378740
X 372013  Y 398518
X 372206  Y 406950
X 378740  Y 429921
X 374866  Y 432486
X 378740  Y 433858
X 378740  Y 437795
X 378740  Y 441732
X 380066  Y 445514
X 380066  Y 449560
X 378740  Y 453543
X 378740  Y 457480
X 378740  Y 461417
X 378740  Y 465354
X 378740  Y 469291
X 386614  Y 394488
X 386614  Y 374803
X 387151  Y 307451
X 410236  Y 303937
X 394488  Y 303937
X 394488  Y 300000
X 410236  Y 300000
X 410236  Y 296062
X 394488  Y 296062
X 390493  Y 295952
X 390551  Y 288188
X 398425  Y 288188
X 398425  Y 284251
X 386614  Y 284251
X 394488  Y 276377
X 386614  Y 276377
X 402362  Y 276377
X 390551  Y 272440
X 398425  Y 272440
X 418110  Y 272440
X 433858  Y 272440
X 425984  Y 272440
X 418110  Y 276377
X 425984  Y 276377
X 433858  Y 276377
X 422047  Y 280314
X 422047  Y 288188
X 429921  Y 288188
X 422047  Y 296062
X 429921  Y 296062
X 425984  Y 303937
X 429921  Y 303937
X 433858  Y 303937
X 422047  Y 303937
X 449606  Y 303937
X 437795  Y 303937
X 441732  Y 303937
X 453543  Y 303937
X 445669  Y 303937
X 457480  Y 303937
X 457480  Y 300000
X 437795  Y 296062
X 457480  Y 296062
X 453543  Y 296062
X 455118  Y 292125
X 441732  Y 284251
X 445669  Y 283858
X 442125  Y 280708
X 437795  Y 280314
X 437795  Y 276377
X 461417  Y 300000
X 465354  Y 303937
X 469291  Y 303937
X 473228  Y 303937
X 477165  Y 303937
X 461417  Y 303937
X 481102  Y 303937
X 477165  Y 307874
X 481102  Y 307874
X 485039  Y 308267
X 485039  Y 311811
X 485039  Y 550000
X 481102  Y 550000
X 473228  Y 550000
X 477165  Y 550000
X 477165  Y 553937
X 473228  Y 553937
X 481102  Y 553937
X 485039  Y 553937
X 477165  Y 557874
X 473228  Y 557874
X 481102  Y 557874
X 485039  Y 557874
X 477165  Y 561811
X 473228  Y 561811
X 481102  Y 561811
X 485039  Y 567716
X 485061  Y 571650
X 492913  Y 571653
X 496850  Y 571653
X 488976  Y 571653
X 500787  Y 571653
X 487007  Y 569685
X 488976  Y 567716
X 488976  Y 553937
X 492913  Y 551968
X 496850  Y 551968
X 500787  Y 551968
X 492913  Y 550000
X 488976  Y 550000
X 496850  Y 548031
X 500787  Y 548031
X 496850  Y 544094
X 500787  Y 544094
X 496850  Y 540157
X 500787  Y 540157
X 496850  Y 536220
X 500787  Y 536220
X 496850  Y 532283
X 500787  Y 532283
X 496850  Y 528346
X 500787  Y 528346
X 496850  Y 524409
X 500787  Y 524409
X 496850  Y 520472
X 500787  Y 520472
X 496850  Y 516535
X 500787  Y 516535
X 500787  Y 512598
X 496850  Y 512598
X 500787  Y 508661
X 496850  Y 508661
X 492923  Y 504736
X 500787  Y 504724
X 496850  Y 504724
X 500787  Y 500787
X 496850  Y 500787
X 492913  Y 500787
X 496850  Y 496850
X 500787  Y 496850
X 492902  Y 492926
X 496850  Y 492913
X 500787  Y 492913
X 496850  Y 488976
X 500787  Y 488976
X 496850  Y 485039
X 500787  Y 485039
X 496850  Y 481102
X 500787  Y 481102
X 496850  Y 477165
X 500787  Y 477165
X 496850  Y 473228
X 500787  Y 473228
X 496850  Y 469291
X 500787  Y 469291
X 496850  Y 465354
X 500787  Y 465354
X 496850  Y 461417
X 500787  Y 461417
X 496850  Y 457480
X 500787  Y 457480
X 500787  Y 453543
X 496850  Y 453543
X 500787  Y 449606
X 496850  Y 449606
X 500787  Y 441732
X 496850  Y 441732
X 496850  Y 437795
X 500787  Y 437795
X 500787  Y 433858
X 496850  Y 433858
X 496850  Y 429921
X 500787  Y 429921
X 496850  Y 422047
X 500787  Y 422047
X 496850  Y 418110
X 500787  Y 418110
X 500787  Y 414173
X 496850  Y 414173
X 496850  Y 410236
X 500787  Y 410236
X 500787  Y 406299
X 496850  Y 406299
X 500787  Y 402362
X 496850  Y 402362
X 500787  Y 398425
X 500787  Y 394488
X 496850  Y 394488
X 496850  Y 390551
X 500787  Y 390551
X 500787  Y 386614
X 496850  Y 386614
X 500787  Y 382677
X 496850  Y 382677
X 496850  Y 378740
X 500787  Y 378740
X 500787  Y 374803
X 496850  Y 374803
X 496850  Y 370866
X 500787  Y 370866
X 496850  Y 366929
X 500787  Y 366929
X 500787  Y 362992
X 496850  Y 359055
X 500787  Y 359055
X 496850  Y 355118
X 500787  Y 355118
X 500787  Y 351181
X 496850  Y 351181
X 500787  Y 347244
X 496850  Y 347244
X 500787  Y 343307
X 496850  Y 343307
X 496850  Y 339370
X 500787  Y 339370
X 498073  Y 335590
X 500787  Y 335433
X 496850  Y 331496
X 500787  Y 331496
X 496850  Y 327559
X 500787  Y 327559
X 496850  Y 323622
X 492913  Y 323622
X 492913  Y 319685
X 496456  Y 319685
X 492913  Y 315748
X 488976  Y 315748
X 488188  Y 312598

Drill: .01575  Tool: 2  Feed: 95  Speed: 300
X 174803  Y 422440
X 229133  Y 454724
X 198818  Y 500393
X 201968  Y 505511
X 309233  Y 560000
X 237007  Y 549795
X 259824  Y 549795
X 250000  Y 361023
X 256299  Y 354330
X 316535  Y 290157
X 316535  Y 292913

Drill: .0193  Tool: 3  Feed: 95  Speed: 300
X 170630  Y 537153 X 165867  Y 537153
X 170630  Y 520618 X 165867  Y 520618

Drill: .01969  Tool: 4  Feed: 95  Speed: 300
X 290342  Y 419913
X 190829  Y 320294 X 192601  Y 320294
X 176075  Y 273999 X 177847  Y 273999
X 205602  Y 274018 X 207373  Y 274018

Drill: .02362  Tool: 5  Feed: 197  Speed: 550
X 173622  Y 305511
X 233858  Y 333858
X 112048  Y 503335
X 183933  Y 538582
X 269291  Y 569685
X 265354  Y 569685
X 279133  Y 560629
X 274803  Y 560236
X 256395  Y 499545
X 260700  Y 499544
X 262002  Y 402843
X 265951  Y 311091
X 244488  Y 296850
X 345670  Y 334031
X 345670  Y 338251
X 300965  Y 360174
X 297090  Y 360419
X 309448  Y 369291
X 309591  Y 389664
X 342913  Y 402755
X 364187  Y 320635
X 364173  Y 315748
X 273274  Y 325651 X 280690  Y 326628

Drill: .02756  Tool: 6  Feed: 197  Speed: 550
X 479133  Y 513582
X 471259  Y 513582
X 463385  Y 513582
X 479133  Y 523425
X 471259  Y 523425
X 463385  Y 523425

Drill: .0315  Tool: 7  Feed: 197  Speed: 550
X 229111  Y 512767
X 211694  Y 519883
X 229111  Y 520641
X 203556  Y 525695
X 229111  Y 528515
X 195418  Y 531507
X 229111  Y 536389
X 229111  Y 544263
X 252733  Y 544263
X 252733  Y 536389
X 252733  Y 528515
X 252733  Y 520641
X 252733  Y 512767

Drill: .035  Tool: 8  Feed: 197  Speed: 550
X 116535  Y 387401
X 145811  Y 564960
X 139611  Y 564960
X 161811  Y 564960
X 168011  Y 564960
X 201288  Y 446061
X 197260  Y 436650
X 193374  Y 427597
X 280099  Y 339403
X 270622  Y 338216
X 370472  Y 481102
X 370472  Y 500787
X 458531  Y 568897
X 452331  Y 568897
X 480731  Y 568897
X 474531  Y 568897
X 478829  Y 425393
X 498514  Y 425393

Drill: .03543  Tool: 9  Feed: 197  Speed: 550
X 458070  Y 446456
X 498228  Y 446456

Drill: .03937  Tool: 10  Feed: 197  Speed: 550
X 402370  Y 300196
X 402370  Y 313976
X 409251  Y 358472
X 396926  Y 424001
X 397047  Y 455511
X 397047  Y 483464
X 426574  Y 483464
X 426574  Y 455511
X 424485  Y 424001
X 451639  Y 398652
X 432787  Y 371322
X 442629  Y 371322
X 419094  Y 358472
X 438303  Y 328980
X 457988  Y 328980
X 448303  Y 288862
X 480905  Y 362992
X 494685  Y 362992
X 470453  Y 378514
X 494685  Y 398425
X 480905  Y 398425

Drill: .06299  Tool: 11  Feed: 89  Speed: 550
X 309951  Y 541800
X 289951  Y 541800
X 329951  Y 541800

End of Listing
